2011.09.25 14:55 B C:\FTP\art-stom.com\kcaptcha\fonts\.htaccess <-- #neskorodov.ru /art-stom.com/kcaptcha/fonts .htaccess
2011.09.25 14:55 B C:\FTP\art-stom.com\kcaptcha\fonts\antiqua.png <-- #neskorodov.ru /art-stom.com/kcaptcha/fonts antiqua.png
2011.09.25 14:55 B C:\FTP\art-stom.com\kcaptcha\fonts\baskerville.png <-- #neskorodov.ru /art-stom.com/kcaptcha/fonts baskerville.png
2011.09.25 14:55 B C:\FTP\art-stom.com\kcaptcha\fonts\batang.png <-- #neskorodov.ru /art-stom.com/kcaptcha/fonts batang.png
2011.09.25 14:55 B C:\FTP\art-stom.com\kcaptcha\fonts\bookman.png <-- #neskorodov.ru /art-stom.com/kcaptcha/fonts bookman.png
2011.09.25 14:55 B C:\FTP\art-stom.com\kcaptcha\fonts\calisto.png <-- #neskorodov.ru /art-stom.com/kcaptcha/fonts calisto.png
2011.09.25 14:55 B C:\FTP\art-stom.com\kcaptcha\fonts\cambria.png <-- #neskorodov.ru /art-stom.com/kcaptcha/fonts cambria.png
2011.09.25 14:55 B C:\FTP\art-stom.com\kcaptcha\fonts\centaur.png <-- #neskorodov.ru /art-stom.com/kcaptcha/fonts centaur.png
2011.09.25 14:55 B C:\FTP\art-stom.com\kcaptcha\fonts\century.png <-- #neskorodov.ru /art-stom.com/kcaptcha/fonts century.png
2011.09.25 14:56 B C:\FTP\art-stom.com\kcaptcha\fonts\chaparral.png <-- #neskorodov.ru /art-stom.com/kcaptcha/fonts chaparral.png
2011.09.25 14:56 B C:\FTP\art-stom.com\kcaptcha\fonts\constantia.png <-- #neskorodov.ru /art-stom.com/kcaptcha/fonts constantia.png
2011.09.25 14:56 B C:\FTP\art-stom.com\kcaptcha\fonts\footlight.png <-- #neskorodov.ru /art-stom.com/kcaptcha/fonts footlight.png
2011.09.25 14:56 B C:\FTP\art-stom.com\kcaptcha\fonts\garamond.png <-- #neskorodov.ru /art-stom.com/kcaptcha/fonts garamond.png
2011.09.25 14:56 B C:\FTP\art-stom.com\kcaptcha\fonts\georgia.png <-- #neskorodov.ru /art-stom.com/kcaptcha/fonts georgia.png
2011.09.25 14:56 B C:\FTP\art-stom.com\kcaptcha\fonts\goudy_old.png <-- #neskorodov.ru /art-stom.com/kcaptcha/fonts goudy_old.png
2011.09.25 14:56 B C:\FTP\art-stom.com\kcaptcha\fonts\kozuka.png <-- #neskorodov.ru /art-stom.com/kcaptcha/fonts kozuka.png
2011.09.25 14:56 B C:\FTP\art-stom.com\kcaptcha\fonts\lucida.png <-- #neskorodov.ru /art-stom.com/kcaptcha/fonts lucida.png
2011.09.25 14:56 B C:\FTP\art-stom.com\kcaptcha\fonts\minion.png <-- #neskorodov.ru /art-stom.com/kcaptcha/fonts minion.png
2011.09.25 14:56 B C:\FTP\art-stom.com\kcaptcha\fonts\palatino.png <-- #neskorodov.ru /art-stom.com/kcaptcha/fonts palatino.png
2011.09.25 14:56 B C:\FTP\art-stom.com\kcaptcha\fonts\perpetua.png <-- #neskorodov.ru /art-stom.com/kcaptcha/fonts perpetua.png
2011.09.25 14:56 B C:\FTP\art-stom.com\kcaptcha\fonts\rockwell.png <-- #neskorodov.ru /art-stom.com/kcaptcha/fonts rockwell.png
2011.09.25 14:56 B C:\FTP\art-stom.com\kcaptcha\fonts\Thumbs.db <-- #neskorodov.ru /art-stom.com/kcaptcha/fonts Thumbs.db
2011.09.25 14:56 B C:\FTP\art-stom.com\kcaptcha\fonts\times.png <-- #neskorodov.ru /art-stom.com/kcaptcha/fonts times.png
2011.09.25 14:56 B C:\FTP\art-stom.com\kcaptcha\fonts\warnock.png <-- #neskorodov.ru /art-stom.com/kcaptcha/fonts warnock.png
2013.12.05 10:45 B C:\Users\Artem Neskorodov\FTP\tlk-ice.ru\kcaptcha\fonts\WS_FTP.LOG <-- #leole /izeberg.ru/www/kcaptcha/fonts WS_FTP.LOG
2013.12.05 10:47 B C:\Users\Artem Neskorodov\FTP\tlk-ice.ru\kcaptcha\fonts\.htaccess --> u205995.ftp.masterhost.ru /tlk-ice.ru/www/kcaptcha/fonts .htaccess
2013.12.05 10:47 B C:\Users\Artem Neskorodov\FTP\tlk-ice.ru\kcaptcha\fonts\antiqua.png --> u205995.ftp.masterhost.ru /tlk-ice.ru/www/kcaptcha/fonts antiqua.png
2013.12.05 10:47 B C:\Users\Artem Neskorodov\FTP\tlk-ice.ru\kcaptcha\fonts\baskerville.png --> u205995.ftp.masterhost.ru /tlk-ice.ru/www/kcaptcha/fonts baskerville.png
2013.12.05 10:47 B C:\Users\Artem Neskorodov\FTP\tlk-ice.ru\kcaptcha\fonts\batang.png --> u205995.ftp.masterhost.ru /tlk-ice.ru/www/kcaptcha/fonts batang.png
2013.12.05 10:47 B C:\Users\Artem Neskorodov\FTP\tlk-ice.ru\kcaptcha\fonts\bookman.png --> u205995.ftp.masterhost.ru /tlk-ice.ru/www/kcaptcha/fonts bookman.png
2013.12.05 10:47 B C:\Users\Artem Neskorodov\FTP\tlk-ice.ru\kcaptcha\fonts\calisto.png --> u205995.ftp.masterhost.ru /tlk-ice.ru/www/kcaptcha/fonts calisto.png
2013.12.05 10:47 B C:\Users\Artem Neskorodov\FTP\tlk-ice.ru\kcaptcha\fonts\cambria.png --> u205995.ftp.masterhost.ru /tlk-ice.ru/www/kcaptcha/fonts cambria.png
2013.12.05 10:47 B C:\Users\Artem Neskorodov\FTP\tlk-ice.ru\kcaptcha\fonts\centaur.png --> u205995.ftp.masterhost.ru /tlk-ice.ru/www/kcaptcha/fonts centaur.png
2013.12.05 10:47 B C:\Users\Artem Neskorodov\FTP\tlk-ice.ru\kcaptcha\fonts\century.png --> u205995.ftp.masterhost.ru /tlk-ice.ru/www/kcaptcha/fonts century.png
2013.12.05 10:47 B C:\Users\Artem Neskorodov\FTP\tlk-ice.ru\kcaptcha\fonts\chaparral.png --> u205995.ftp.masterhost.ru /tlk-ice.ru/www/kcaptcha/fonts chaparral.png
2013.12.05 10:47 B C:\Users\Artem Neskorodov\FTP\tlk-ice.ru\kcaptcha\fonts\constantia.png --> u205995.ftp.masterhost.ru /tlk-ice.ru/www/kcaptcha/fonts constantia.png
2013.12.05 10:47 B C:\Users\Artem Neskorodov\FTP\tlk-ice.ru\kcaptcha\fonts\footlight.png --> u205995.ftp.masterhost.ru /tlk-ice.ru/www/kcaptcha/fonts footlight.png
2013.12.05 10:47 B C:\Users\Artem Neskorodov\FTP\tlk-ice.ru\kcaptcha\fonts\garamond.png --> u205995.ftp.masterhost.ru /tlk-ice.ru/www/kcaptcha/fonts garamond.png
2013.12.05 10:47 B C:\Users\Artem Neskorodov\FTP\tlk-ice.ru\kcaptcha\fonts\georgia.png --> u205995.ftp.masterhost.ru /tlk-ice.ru/www/kcaptcha/fonts georgia.png
2013.12.05 10:47 B C:\Users\Artem Neskorodov\FTP\tlk-ice.ru\kcaptcha\fonts\goudy_old.png --> u205995.ftp.masterhost.ru /tlk-ice.ru/www/kcaptcha/fonts goudy_old.png
2013.12.05 10:47 B C:\Users\Artem Neskorodov\FTP\tlk-ice.ru\kcaptcha\fonts\kozuka.png --> u205995.ftp.masterhost.ru /tlk-ice.ru/www/kcaptcha/fonts kozuka.png
2013.12.05 10:47 B C:\Users\Artem Neskorodov\FTP\tlk-ice.ru\kcaptcha\fonts\lucida.png --> u205995.ftp.masterhost.ru /tlk-ice.ru/www/kcaptcha/fonts lucida.png
2013.12.05 10:47 B C:\Users\Artem Neskorodov\FTP\tlk-ice.ru\kcaptcha\fonts\minion.png --> u205995.ftp.masterhost.ru /tlk-ice.ru/www/kcaptcha/fonts minion.png
2013.12.05 10:47 B C:\Users\Artem Neskorodov\FTP\tlk-ice.ru\kcaptcha\fonts\palatino.png --> u205995.ftp.masterhost.ru /tlk-ice.ru/www/kcaptcha/fonts palatino.png
2013.12.05 10:47 B C:\Users\Artem Neskorodov\FTP\tlk-ice.ru\kcaptcha\fonts\perpetua.png --> u205995.ftp.masterhost.ru /tlk-ice.ru/www/kcaptcha/fonts perpetua.png
2013.12.05 10:47 B C:\Users\Artem Neskorodov\FTP\tlk-ice.ru\kcaptcha\fonts\rockwell.png --> u205995.ftp.masterhost.ru /tlk-ice.ru/www/kcaptcha/fonts rockwell.png
2013.12.05 10:47 B C:\Users\Artem Neskorodov\FTP\tlk-ice.ru\kcaptcha\fonts\Thumbs.db --> u205995.ftp.masterhost.ru /tlk-ice.ru/www/kcaptcha/fonts Thumbs.db
2013.12.05 10:47 B C:\Users\Artem Neskorodov\FTP\tlk-ice.ru\kcaptcha\fonts\times.png --> u205995.ftp.masterhost.ru /tlk-ice.ru/www/kcaptcha/fonts times.png
2013.12.05 10:47 B C:\Users\Artem Neskorodov\FTP\tlk-ice.ru\kcaptcha\fonts\warnock.png --> u205995.ftp.masterhost.ru /tlk-ice.ru/www/kcaptcha/fonts warnock.png
