2011.09.28 12:28 B C:\FTP\ciklon-pribor.ru\js\images\base.gif <-- #ciklon-pribor.ru /ciklon-pribor.ru/js/images base.gif
2011.09.28 12:28 B C:\FTP\ciklon-pribor.ru\js\images\empty.gif <-- #ciklon-pribor.ru /ciklon-pribor.ru/js/images empty.gif
2011.09.28 12:28 B C:\FTP\ciklon-pribor.ru\js\images\fancy_closebox.png <-- #ciklon-pribor.ru /ciklon-pribor.ru/js/images fancy_closebox.png
2011.09.28 12:28 B C:\FTP\ciklon-pribor.ru\js\images\folder.gif <-- #ciklon-pribor.ru /ciklon-pribor.ru/js/images folder.gif
2011.09.28 12:28 B C:\FTP\ciklon-pribor.ru\js\images\folderopen.gif <-- #ciklon-pribor.ru /ciklon-pribor.ru/js/images folderopen.gif
2011.09.28 12:28 B C:\FTP\ciklon-pribor.ru\js\images\join.gif <-- #ciklon-pribor.ru /ciklon-pribor.ru/js/images join.gif
2011.09.28 12:28 B C:\FTP\ciklon-pribor.ru\js\images\joinbottom.gif <-- #ciklon-pribor.ru /ciklon-pribor.ru/js/images joinbottom.gif
2011.09.28 12:28 B C:\FTP\ciklon-pribor.ru\js\images\line.gif <-- #ciklon-pribor.ru /ciklon-pribor.ru/js/images line.gif
2011.09.28 12:28 B C:\FTP\ciklon-pribor.ru\js\images\minus.gif <-- #ciklon-pribor.ru /ciklon-pribor.ru/js/images minus.gif
2011.09.28 12:28 B C:\FTP\ciklon-pribor.ru\js\images\minusbottom.gif <-- #ciklon-pribor.ru /ciklon-pribor.ru/js/images minusbottom.gif
2011.09.28 12:28 B C:\FTP\ciklon-pribor.ru\js\images\page.gif <-- #ciklon-pribor.ru /ciklon-pribor.ru/js/images page.gif
2011.09.28 12:28 B C:\FTP\ciklon-pribor.ru\js\images\plus.gif <-- #ciklon-pribor.ru /ciklon-pribor.ru/js/images plus.gif
2011.09.28 12:28 B C:\FTP\ciklon-pribor.ru\js\images\plusbottom.gif <-- #ciklon-pribor.ru /ciklon-pribor.ru/js/images plusbottom.gif
2013.12.05 10:45 B C:\Users\Artem Neskorodov\FTP\tlk-ice.ru\js\images\WS_FTP.LOG <-- #leole /izeberg.ru/www/js/images WS_FTP.LOG
2013.12.05 10:47 B C:\Users\Artem Neskorodov\FTP\tlk-ice.ru\js\images\base.gif --> u205995.ftp.masterhost.ru /tlk-ice.ru/www/js/images base.gif
2013.12.05 10:47 B C:\Users\Artem Neskorodov\FTP\tlk-ice.ru\js\images\empty.gif --> u205995.ftp.masterhost.ru /tlk-ice.ru/www/js/images empty.gif
2013.12.05 10:47 B C:\Users\Artem Neskorodov\FTP\tlk-ice.ru\js\images\fancy_closebox.png --> u205995.ftp.masterhost.ru /tlk-ice.ru/www/js/images fancy_closebox.png
2013.12.05 10:47 B C:\Users\Artem Neskorodov\FTP\tlk-ice.ru\js\images\folder.gif --> u205995.ftp.masterhost.ru /tlk-ice.ru/www/js/images folder.gif
2013.12.05 10:47 B C:\Users\Artem Neskorodov\FTP\tlk-ice.ru\js\images\folderopen.gif --> u205995.ftp.masterhost.ru /tlk-ice.ru/www/js/images folderopen.gif
2013.12.05 10:47 B C:\Users\Artem Neskorodov\FTP\tlk-ice.ru\js\images\join.gif --> u205995.ftp.masterhost.ru /tlk-ice.ru/www/js/images join.gif
2013.12.05 10:47 B C:\Users\Artem Neskorodov\FTP\tlk-ice.ru\js\images\joinbottom.gif --> u205995.ftp.masterhost.ru /tlk-ice.ru/www/js/images joinbottom.gif
2013.12.05 10:47 B C:\Users\Artem Neskorodov\FTP\tlk-ice.ru\js\images\line.gif --> u205995.ftp.masterhost.ru /tlk-ice.ru/www/js/images line.gif
2013.12.05 10:47 B C:\Users\Artem Neskorodov\FTP\tlk-ice.ru\js\images\minus.gif --> u205995.ftp.masterhost.ru /tlk-ice.ru/www/js/images minus.gif
2013.12.05 10:47 B C:\Users\Artem Neskorodov\FTP\tlk-ice.ru\js\images\minusbottom.gif --> u205995.ftp.masterhost.ru /tlk-ice.ru/www/js/images minusbottom.gif
2013.12.05 10:47 B C:\Users\Artem Neskorodov\FTP\tlk-ice.ru\js\images\page.gif --> u205995.ftp.masterhost.ru /tlk-ice.ru/www/js/images page.gif
2013.12.05 10:47 B C:\Users\Artem Neskorodov\FTP\tlk-ice.ru\js\images\plus.gif --> u205995.ftp.masterhost.ru /tlk-ice.ru/www/js/images plus.gif
2013.12.05 10:47 B C:\Users\Artem Neskorodov\FTP\tlk-ice.ru\js\images\plusbottom.gif --> u205995.ftp.masterhost.ru /tlk-ice.ru/www/js/images plusbottom.gif
